Info: DeliveryProcess:ProjetoSus: 139 mini seconds publishing element
Info: DeliveryProcess:ProjetoSus: 375 mini seconds publishing process specific layout data
Info: Phase:Warmup: 148 mini seconds publishing element
Info: Task:coletar_requisitos: 11 mini seconds publishing element
Info: TaskDescriptor:coletar_requisitos: 4 mini seconds publishing element
Info: Role:analista_de_requisitos: 20 mini seconds publishing element
Info: RoleDescriptor:analista_de_requisitos: 2 mini seconds publishing element
Info: Role:governo: 12 mini seconds publishing element
Info: RoleDescriptor:governo: 3 mini seconds publishing element
Info: Artifact:documentos_de_requisitos: 16 mini seconds publishing element
Info: WorkProductDescriptor:documentos_de_requisitos: 5 mini seconds publishing element
Info: Task:criar_historias_e_tarefas: 10 mini seconds publishing element
Info: TaskDescriptor:criar_historias_e_tarefas: 3 mini seconds publishing element
Info: Task:criar_prototipo_de_alta_fidelidade: 8 mini seconds publishing element
Info: TaskDescriptor:criar_prototipo_de_alta_fidelidade: 4 mini seconds publishing element
Info: Artifact:prototipo_de_baixa_fidelidade: 6 mini seconds publishing element
Info: WorkProductDescriptor:prototipo_de_baixa_fidelidade: 2 mini seconds publishing element
Info: Artifact:prototipo_de_alta_fidelidade: 5 mini seconds publishing element
Info: WorkProductDescriptor:prototipo_de_alta_fidelidade: 3 mini seconds publishing element
Info: Task:criar_prototipo_de_baixa_fidelidade: 9 mini seconds publishing element
Info: TaskDescriptor:criar_prototipo_de_baixa_fidelidade: 9 mini seconds publishing element
Info: Task:definir_banco_de_dados: 9 mini seconds publishing element
Info: TaskDescriptor:definir_banco_de_dados: 4 mini seconds publishing element
Info: Artifact:diagrama_de_classes: 8 mini seconds publishing element
Info: WorkProductDescriptor:diagrama_de_classes: 3 mini seconds publishing element
Info: Artifact:diagrama_de_entidade_relacionamento: 7 mini seconds publishing element
Info: WorkProductDescriptor:diagrama_de_entidade_relacionamento: 2 mini seconds publishing element
Info: Task:definir_diagrama_de_caso_de_uso: 9 mini seconds publishing element
Info: TaskDescriptor:definir_diagrama_de_caso_de_uso: 4 mini seconds publishing element
Info: Artifact:diagrama_de_caso_de_uso: 6 mini seconds publishing element
Info: WorkProductDescriptor:diagrama_de_caso_de_uso: 2 mini seconds publishing element
Info: Task:definir_diagrama_de_classes: 9 mini seconds publishing element
Info: TaskDescriptor:definir_diagrama_de_classes: 7 mini seconds publishing element
Info: Task:definir_diagrama_de_componentes: 9 mini seconds publishing element
Info: TaskDescriptor:definir_diagrama_de_componentes: 5 mini seconds publishing element
Info: Artifact:diagrama_de_componentes: 4 mini seconds publishing element
Info: WorkProductDescriptor:diagrama_de_componentes: 2 mini seconds publishing element
Info: Task:definir_equipe: 10 mini seconds publishing element
Info: TaskDescriptor:definir_equipe: 3 mini seconds publishing element
Info: Artifact:plano_de_equipe: 5 mini seconds publishing element
Info: WorkProductDescriptor:plano_de_equipe: 2 mini seconds publishing element
Info: Task:elaborar_cronograma_geral: 8 mini seconds publishing element
Info: TaskDescriptor:elaborar_cronograma_geral: 3 mini seconds publishing element
Info: Task:testar_usabilidade: 15 mini seconds publishing element
Info: TaskDescriptor:testar_usabilidade: 4 mini seconds publishing element
Info: Task:teste_do_cliente: 12 mini seconds publishing element
Info: TaskDescriptor:teste_do_cliente: 4 mini seconds publishing element
Info: Iteration:Sprint: 68 mini seconds publishing element
Info: Phase:Planning: 39 mini seconds publishing element
Info: Task:detalhar_requisitos: 8 mini seconds publishing element
Info: TaskDescriptor:detalhar_requisitos: 2 mini seconds publishing element
Info: Task:elaborar_cronograma_da_sprint: 8 mini seconds publishing element
Info: TaskDescriptor:elaborar_cronograma_da_sprint: 3 mini seconds publishing element
Info: Phase:Execution: 109 mini seconds publishing element
Info: Task:atualizar_kanban: 10 mini seconds publishing element
Info: TaskDescriptor:atualizar_kanban: 3 mini seconds publishing element
Info: Artifact:quadro_kanban: 6 mini seconds publishing element
Info: WorkProductDescriptor:quadro_kanban: 3 mini seconds publishing element
Info: Task:desenvolver_backend: 9 mini seconds publishing element
Info: TaskDescriptor:desenvolver_backend: 5 mini seconds publishing element
Info: WorkProductDescriptor:diagrama_de_caso_de_uso: 2 mini seconds publishing element
Info: WorkProductDescriptor:diagrama_de_classes: 2 mini seconds publishing element
Info: WorkProductDescriptor:diagrama_de_entidade_relacionamento: 5 mini seconds publishing element
Info: WorkProductDescriptor:documentos_de_requisitos: 2 mini seconds publishing element
Info: Artifact:codigo_fonte_do_backend: 5 mini seconds publishing element
Info: WorkProductDescriptor:codigo_fonte_do_backend: 1 mini seconds publishing element
Info: Task:desenvolver_banco_de_dados: 9 mini seconds publishing element
Info: TaskDescriptor:desenvolver_banco_de_dados: 4 mini seconds publishing element
Info: Task:desenvolver_front_end_web: 7 mini seconds publishing element
Info: TaskDescriptor:desenvolver_front_end_web: 3 mini seconds publishing element
Info: Task:desenvolver_visual_do_prototipo: 10 mini seconds publishing element
Info: TaskDescriptor:desenvolver_visual_do_prototipo: 4 mini seconds publishing element
Info: Task:implementar_regras_de_negocio: 12 mini seconds publishing element
Info: TaskDescriptor:implementar_regras_de_negocio: 3 mini seconds publishing element
Info: Task:integrar_api: 8 mini seconds publishing element
Info: TaskDescriptor:integrar_api: 3 mini seconds publishing element
Info: Task:integrar_front_end_e_back_end: 8 mini seconds publishing element
Info: TaskDescriptor:integrar_front_end_e_back_end: 3 mini seconds publishing element
Info: Task:realizar_reuniao_diaria: 10 mini seconds publishing element
Info: TaskDescriptor:realizar_reuniao_diaria: 3 mini seconds publishing element
Info: Task:testar_integracao_de_api: 10 mini seconds publishing element
Info: TaskDescriptor:testar_integracao_de_api: 4 mini seconds publishing element
Info: Task:testar_integracao_front_e_back_end: 11 mini seconds publishing element
Info: TaskDescriptor:testar_integracao_front_e_back_end: 3 mini seconds publishing element
Info: TaskDescriptor:testar_usabilidade: 5 mini seconds publishing element
Info: Phase:Milestone: 40 mini seconds publishing element
Info: Task:entregar_modulo_parcial: 4 mini seconds publishing element
Info: TaskDescriptor:entregar_modulo_parcial: 1 mini seconds publishing element
Info: TaskDescriptor:teste_do_cliente: 3 mini seconds publishing element
Info: Phase:Review: 44 mini seconds publishing element
Info: Task:realizar_reuniao_de_review: 7 mini seconds publishing element
Info: TaskDescriptor:realizar_reuniao_de_review: 3 mini seconds publishing element
Info: Task:revisar_diagramas_da_uml: 8 mini seconds publishing element
Info: TaskDescriptor:revisar_diagramas_da_uml: 3 mini seconds publishing element
Info: Phase:EndProject: 35 mini seconds publishing element
Info: Task:implantar_sistema: 3 mini seconds publishing element
Info: TaskDescriptor:implantar_sistema: 1 mini seconds publishing element
Info: CustomCategory:categoria_projeto: 4 mini seconds publishing element
Info: : Publishing time: 0 minutes 2 seconds
